@!@!@STARTMSG 2262:0 @!@!@
TLC2 Version 2.16 of 31 December 2020 (rev: cdddf55)
@!@!@ENDMSG 2262 @!@!@
@!@!@STARTMSG 2187:0 @!@!@
Running breadth-first search Model-Checking with fp 51 and seed 4263159842501011375 with 4 workers on 8 cores with 1214MB heap and 2730MB offheap memory [pid: 47147] (Mac OS X 10.16 x86_64, AdoptOpenJDK 14.0.1 x86_64, OffHeapDiskFPSet, DiskStateQueue).
@!@!@ENDMSG 2187 @!@!@
@!@!@STARTMSG 2220:0 @!@!@
Starting SANY...
@!@!@ENDMSG 2220 @!@!@
Parsing file /Users/leon/Documents/coding/rust/hls/spec/hls.toolbox/Model_1/MC.tla
Parsing file /Users/leon/Documents/coding/rust/hls/spec/hls.toolbox/Model_1/hls.tla
Warning: symbols were renamed.
Parsing file /private/var/folders/3_/zlvhbykj46s2c4l5zk7_g4wm0000gn/T/AppTranslocation/DFBFF497-1E70-4E50-A4E9-EE9DCA0329B7/d/TLA+ Toolbox.app/Contents/Eclipse/plugins/org.lamport.tlatools_1.0.0.202012311918/tla2sany/StandardModules/TLC.tla
Parsing file /private/var/folders/3_/zlvhbykj46s2c4l5zk7_g4wm0000gn/T/AppTranslocation/DFBFF497-1E70-4E50-A4E9-EE9DCA0329B7/d/TLA+ Toolbox.app/Contents/Eclipse/plugins/org.lamport.tlatools_1.0.0.202012311918/tla2sany/StandardModules/Integers.tla
Parsing file /private/var/folders/3_/zlvhbykj46s2c4l5zk7_g4wm0000gn/T/AppTranslocation/DFBFF497-1E70-4E50-A4E9-EE9DCA0329B7/d/TLA+ Toolbox.app/Contents/Eclipse/plugins/org.lamport.tlatools_1.0.0.202012311918/tla2sany/StandardModules/Sequences.tla
Parsing file /private/var/folders/3_/zlvhbykj46s2c4l5zk7_g4wm0000gn/T/AppTranslocation/DFBFF497-1E70-4E50-A4E9-EE9DCA0329B7/d/TLA+ Toolbox.app/Contents/Eclipse/plugins/org.lamport.tlatools_1.0.0.202012311918/tla2sany/StandardModules/FiniteSets.tla
Parsing file /private/var/folders/3_/zlvhbykj46s2c4l5zk7_g4wm0000gn/T/AppTranslocation/DFBFF497-1E70-4E50-A4E9-EE9DCA0329B7/d/TLA+ Toolbox.app/Contents/Eclipse/plugins/org.lamport.tlatools_1.0.0.202012311918/tla2sany/StandardModules/Naturals.tla
Parsing file /Users/leon/Documents/coding/rust/hls/spec/hls.toolbox/Model_1/crdt.tla
Semantic processing of module Naturals
Semantic processing of module Integers
Semantic processing of module Sequences
Semantic processing of module FiniteSets
Semantic processing of module TLC
Semantic processing of module crdt
Semantic processing of module hls
Semantic processing of module MC
@!@!@STARTMSG 2219:0 @!@!@
SANY finished.
@!@!@ENDMSG 2219 @!@!@
@!@!@STARTMSG 2185:0 @!@!@
Starting... (2022-12-24 15:03:31)
@!@!@ENDMSG 2185 @!@!@
@!@!@STARTMSG 2189:0 @!@!@
Computing initial states...
@!@!@ENDMSG 2189 @!@!@
@!@!@STARTMSG 2190:0 @!@!@
Finished computing initial states: 1 distinct state generated at 2022-12-24 15:03:31.
@!@!@ENDMSG 2190 @!@!@
@!@!@STARTMSG 2200:0 @!@!@
Progress(13) at 2022-12-24 15:03:34: 527.884 states generated (527.884 s/min), 141.502 distinct states found (141.502 ds/min), 56.059 states left on queue.
@!@!@ENDMSG 2200 @!@!@
@!@!@STARTMSG 2200:0 @!@!@
Progress(23) at 2022-12-24 15:04:34: 33.143.748 states generated (32.615.864 s/min), 8.091.711 distinct states found (7.950.209 ds/min), 2.127.642 states left on queue.
@!@!@ENDMSG 2200 @!@!@
@!@!@STARTMSG 2200:0 @!@!@
Progress(26) at 2022-12-24 15:05:34: 63.966.587 states generated (30.822.839 s/min), 15.323.171 distinct states found (7.231.460 ds/min), 3.461.106 states left on queue.
@!@!@ENDMSG 2200 @!@!@
@!@!@STARTMSG 2200:0 @!@!@
Progress(27) at 2022-12-24 15:06:34: 93.576.480 states generated (29.609.893 s/min), 22.184.010 distinct states found (6.860.839 ds/min), 4.505.625 states left on queue.
@!@!@ENDMSG 2200 @!@!@
@!@!@STARTMSG 2200:0 @!@!@
Progress(29) at 2022-12-24 15:07:34: 121.729.213 states generated (28.152.733 s/min), 28.583.272 distinct states found (6.399.262 ds/min), 5.221.912 states left on queue.
@!@!@ENDMSG 2200 @!@!@
@!@!@STARTMSG 2200:0 @!@!@
Progress(30) at 2022-12-24 15:08:34: 148.885.653 states generated (27.156.440 s/min), 34.780.058 distinct states found (6.196.786 ds/min), 5.908.264 states left on queue.
@!@!@ENDMSG 2200 @!@!@
@!@!@STARTMSG 2200:0 @!@!@
Progress(31) at 2022-12-24 15:09:34: 175.363.532 states generated (26.477.879 s/min), 40.762.913 distinct states found (5.982.855 ds/min), 6.423.447 states left on queue.
@!@!@ENDMSG 2200 @!@!@
@!@!@STARTMSG 2200:0 @!@!@
Progress(31) at 2022-12-24 15:10:34: 201.362.651 states generated (25.999.119 s/min), 46.704.980 distinct states found (5.942.067 ds/min), 7.013.348 states left on queue.
@!@!@ENDMSG 2200 @!@!@
@!@!@STARTMSG 2200:0 @!@!@
Progress(32) at 2022-12-24 15:11:35: 226.721.230 states generated (25.358.579 s/min), 52.485.126 distinct states found (5.780.146 ds/min), 7.524.579 states left on queue.
@!@!@ENDMSG 2200 @!@!@
@!@!@STARTMSG 2200:0 @!@!@
Progress(33) at 2022-12-24 15:12:35: 251.803.779 states generated (25.082.549 s/min), 58.182.342 distinct states found (5.697.216 ds/min), 7.983.787 states left on queue.
@!@!@ENDMSG 2200 @!@!@
@!@!@STARTMSG 2200:0 @!@!@
Progress(34) at 2022-12-24 15:13:35: 276.483.143 states generated (24.679.364 s/min), 63.783.490 distinct states found (5.601.148 ds/min), 8.397.378 states left on queue.
@!@!@ENDMSG 2200 @!@!@
@!@!@STARTMSG 2200:0 @!@!@
Progress(34) at 2022-12-24 15:23:29: 301.131.967 states generated (24.648.824 s/min), 69.502.914 distinct states found (5.719.424 ds/min), 9.005.673 states left on queue.
@!@!@ENDMSG 2200 @!@!@
@!@!@STARTMSG 2200:0 @!@!@
Progress(35) at 2022-12-24 15:24:29: 326.549.581 states generated (25.417.614 s/min), 75.377.843 distinct states found (5.874.929 ds/min), 9.591.041 states left on queue.
@!@!@ENDMSG 2200 @!@!@
@!@!@STARTMSG 2200:0 @!@!@
Progress(35) at 2022-12-24 15:25:29: 352.923.726 states generated (26.374.145 s/min), 81.536.017 distinct states found (6.158.174 ds/min), 10.291.437 states left on queue.
@!@!@ENDMSG 2200 @!@!@
@!@!@STARTMSG 2200:0 @!@!@
Progress(36) at 2022-12-24 15:26:29: 378.651.751 states generated (25.728.025 s/min), 87.519.943 distinct states found (5.983.926 ds/min), 10.924.776 states left on queue.
@!@!@ENDMSG 2200 @!@!@
@!@!@STARTMSG 2200:0 @!@!@
Progress(36) at 2022-12-24 15:27:29: 403.679.481 states generated (25.027.730 s/min), 93.419.825 distinct states found (5.899.882 ds/min), 11.681.749 states left on queue.
@!@!@ENDMSG 2200 @!@!@
@!@!@STARTMSG 2200:0 @!@!@
Progress(37) at 2022-12-24 15:28:29: 428.138.365 states generated (24.458.884 s/min), 99.182.599 distinct states found (5.762.774 ds/min), 12.383.467 states left on queue.
@!@!@ENDMSG 2200 @!@!@
@!@!@STARTMSG 2200:0 @!@!@
Progress(37) at 2022-12-24 15:29:29: 451.727.166 states generated (23.588.801 s/min), 104.774.300 distinct states found (5.591.701 ds/min), 13.136.083 states left on queue.
@!@!@ENDMSG 2200 @!@!@
@!@!@STARTMSG 2200:0 @!@!@
Progress(38) at 2022-12-24 15:30:29: 475.192.509 states generated (23.465.343 s/min), 110.337.092 distinct states found (5.562.792 ds/min), 13.888.132 states left on queue.
@!@!@ENDMSG 2200 @!@!@
@!@!@STARTMSG 2200:0 @!@!@
Progress(38) at 2022-12-24 15:31:29: 498.554.635 states generated (23.362.126 s/min), 115.946.588 distinct states found (5.609.496 ds/min), 14.736.677 states left on queue.
@!@!@ENDMSG 2200 @!@!@
@!@!@STARTMSG 2200:0 @!@!@
Progress(38) at 2022-12-24 15:32:29: 522.190.724 states generated (23.636.089 s/min), 121.612.396 distinct states found (5.665.808 ds/min), 15.589.516 states left on queue.
@!@!@ENDMSG 2200 @!@!@
@!@!@STARTMSG 2195:0 @!@!@
Checkpointing of run /Users/leon/Documents/coding/rust/hls/spec/hls.toolbox/Model_1/22-12-24-15-03-29
@!@!@ENDMSG 2195 @!@!@
@!@!@STARTMSG 2196:0 @!@!@
Checkpointing completed at (2022-12-24 15:33:29)
@!@!@ENDMSG 2196 @!@!@
@!@!@STARTMSG 2200:0 @!@!@
Progress(39) at 2022-12-24 15:33:29: 545.803.898 states generated (23.613.174 s/min), 127.259.756 distinct states found (5.647.360 ds/min), 16.414.538 states left on queue.
@!@!@ENDMSG 2200 @!@!@
@!@!@STARTMSG 2200:0 @!@!@
Progress(39) at 2022-12-24 15:34:29: 569.164.184 states generated (23.360.286 s/min), 132.907.662 distinct states found (5.647.906 ds/min), 17.300.844 states left on queue.
@!@!@ENDMSG 2200 @!@!@
@!@!@STARTMSG 2200:0 @!@!@
Progress(39) at 2022-12-24 15:35:29: 592.288.531 states generated (23.124.347 s/min), 138.476.875 distinct states found (5.569.213 ds/min), 18.167.865 states left on queue.
@!@!@ENDMSG 2200 @!@!@
@!@!@STARTMSG 2200:0 @!@!@
Progress(40) at 2022-12-24 15:36:29: 615.534.614 states generated (23.246.083 s/min), 144.056.186 distinct states found (5.579.311 ds/min), 19.009.095 states left on queue.
@!@!@ENDMSG 2200 @!@!@
@!@!@STARTMSG 2200:0 @!@!@
Progress(40) at 2022-12-24 15:37:29: 638.778.949 states generated (23.244.335 s/min), 149.721.158 distinct states found (5.664.972 ds/min), 19.959.884 states left on queue.
@!@!@ENDMSG 2200 @!@!@
@!@!@STARTMSG 2200:0 @!@!@
Progress(40) at 2022-12-24 15:38:29: 661.902.268 states generated (23.123.319 s/min), 155.307.428 distinct states found (5.586.270 ds/min), 20.833.855 states left on queue.
@!@!@ENDMSG 2200 @!@!@
@!@!@STARTMSG 2200:0 @!@!@
Progress(40) at 2022-12-24 15:39:29: 684.844.408 states generated (22.942.140 s/min), 160.872.781 distinct states found (5.565.353 ds/min), 21.734.137 states left on queue.
@!@!@ENDMSG 2200 @!@!@
@!@!@STARTMSG 2200:0 @!@!@
Progress(41) at 2022-12-24 15:40:29: 707.990.886 states generated (23.146.478 s/min), 166.448.411 distinct states found (5.575.630 ds/min), 22.604.161 states left on queue.
@!@!@ENDMSG 2200 @!@!@
@!@!@STARTMSG 2200:0 @!@!@
Progress(41) at 2022-12-24 15:41:31: 730.752.603 states generated (22.761.717 s/min), 171.997.540 distinct states found (5.549.129 ds/min), 23.522.895 states left on queue.
@!@!@ENDMSG 2200 @!@!@
@!@!@STARTMSG 2200:0 @!@!@
Progress(41) at 2022-12-24 15:45:09: 755.071.486 states generated (24.318.883 s/min), 177.926.661 distinct states found (5.929.121 ds/min), 24.506.857 states left on queue.
@!@!@ENDMSG 2200 @!@!@
@!@!@STARTMSG 2200:0 @!@!@
Progress(41) at 2022-12-24 15:46:09: 780.402.687 states generated (25.331.201 s/min), 184.056.359 distinct states found (6.129.698 ds/min), 25.453.723 states left on queue.
@!@!@ENDMSG 2200 @!@!@
@!@!@STARTMSG 2200:0 @!@!@
Progress(41) at 2022-12-24 15:47:09: 804.280.701 states generated (23.878.014 s/min), 189.889.073 distinct states found (5.832.714 ds/min), 26.472.475 states left on queue.
@!@!@ENDMSG 2200 @!@!@
@!@!@STARTMSG 2200:0 @!@!@
Progress(42) at 2022-12-24 15:48:09: 827.783.458 states generated (23.502.757 s/min), 195.561.347 distinct states found (5.672.274 ds/min), 27.323.340 states left on queue.
@!@!@ENDMSG 2200 @!@!@
@!@!@STARTMSG 2200:0 @!@!@
Progress(42) at 2022-12-24 15:49:09: 850.800.603 states generated (23.017.145 s/min), 201.188.708 distinct states found (5.627.361 ds/min), 28.261.636 states left on queue.
@!@!@ENDMSG 2200 @!@!@
@!@!@STARTMSG 2200:0 @!@!@
Progress(42) at 2022-12-24 15:50:09: 873.473.870 states generated (22.673.267 s/min), 206.708.647 distinct states found (5.519.939 ds/min), 29.156.363 states left on queue.
@!@!@ENDMSG 2200 @!@!@
@!@!@STARTMSG 2200:0 @!@!@
Progress(42) at 2022-12-24 15:51:09: 896.164.696 states generated (22.690.826 s/min), 212.241.364 distinct states found (5.532.717 ds/min), 30.063.070 states left on queue.
@!@!@ENDMSG 2200 @!@!@
@!@!@STARTMSG 2200:0 @!@!@
Progress(42) at 2022-12-24 15:52:09: 918.610.338 states generated (22.445.642 s/min), 217.703.175 distinct states found (5.461.811 ds/min), 30.919.812 states left on queue.
@!@!@ENDMSG 2200 @!@!@
@!@!@STARTMSG 2200:0 @!@!@
Progress(42) at 2022-12-24 15:53:09: 941.234.119 states generated (22.623.781 s/min), 223.182.947 distinct states found (5.479.772 ds/min), 31.813.563 states left on queue.
@!@!@ENDMSG 2200 @!@!@
@!@!@STARTMSG 2200:0 @!@!@
Progress(43) at 2022-12-24 15:54:09: 963.818.603 states generated (22.584.484 s/min), 228.685.770 distinct states found (5.502.823 ds/min), 32.680.039 states left on queue.
@!@!@ENDMSG 2200 @!@!@
@!@!@STARTMSG 2200:0 @!@!@
Progress(43) at 2022-12-24 15:55:09: 986.385.469 states generated (22.566.866 s/min), 234.198.524 distinct states found (5.512.754 ds/min), 33.574.204 states left on queue.
@!@!@ENDMSG 2200 @!@!@
@!@!@STARTMSG 2200:0 @!@!@
Progress(43) at 2022-12-24 15:56:09: 1.008.537.471 states generated (22.152.002 s/min), 239.600.710 distinct states found (5.402.186 ds/min), 34.468.419 states left on queue.
@!@!@ENDMSG 2200 @!@!@
@!@!@STARTMSG 2200:0 @!@!@
Progress(43) at 2022-12-24 15:57:09: 1.030.821.516 states generated (22.284.045 s/min), 245.038.186 distinct states found (5.437.476 ds/min), 35.313.077 states left on queue.
@!@!@ENDMSG 2200 @!@!@
@!@!@STARTMSG 2200:0 @!@!@
Progress(43) at 2022-12-24 15:58:09: 1.053.224.368 states generated (22.402.852 s/min), 250.482.289 distinct states found (5.444.103 ds/min), 36.156.898 states left on queue.
@!@!@ENDMSG 2200 @!@!@
@!@!@STARTMSG 2200:0 @!@!@
Progress(43) at 2022-12-24 15:59:09: 1.075.650.032 states generated (22.425.664 s/min), 255.943.877 distinct states found (5.461.588 ds/min), 37.064.591 states left on queue.
@!@!@ENDMSG 2200 @!@!@
@!@!@STARTMSG 2195:0 @!@!@
Checkpointing of run /Users/leon/Documents/coding/rust/hls/spec/hls.toolbox/Model_1/22-12-24-15-03-29
@!@!@ENDMSG 2195 @!@!@
@!@!@STARTMSG 2196:0 @!@!@
Checkpointing completed at (2022-12-24 16:03:50)
@!@!@ENDMSG 2196 @!@!@
@!@!@STARTMSG 2200:0 @!@!@
Progress(43) at 2022-12-24 16:03:50: 1.098.804.469 states generated (23.154.437 s/min), 261.550.434 distinct states found (5.606.557 ds/min), 37.941.341 states left on queue.
@!@!@ENDMSG 2200 @!@!@
@!@!@STARTMSG 2200:0 @!@!@
Progress(44) at 2022-12-24 16:04:50: 1.122.717.500 states generated (23.913.031 s/min), 267.400.377 distinct states found (5.849.943 ds/min), 38.867.336 states left on queue.
@!@!@ENDMSG 2200 @!@!@
@!@!@STARTMSG 2200:0 @!@!@
Progress(44) at 2022-12-24 16:05:50: 1.145.869.792 states generated (23.152.292 s/min), 273.068.488 distinct states found (5.668.111 ds/min), 39.791.499 states left on queue.
@!@!@ENDMSG 2200 @!@!@
@!@!@STARTMSG 2200:0 @!@!@
Progress(44) at 2022-12-24 16:06:50: 1.168.250.723 states generated (22.380.931 s/min), 278.534.977 distinct states found (5.466.489 ds/min), 40.663.344 states left on queue.
@!@!@ENDMSG 2200 @!@!@
@!@!@STARTMSG 2200:0 @!@!@
Progress(44) at 2022-12-24 16:07:51: 1.190.889.996 states generated (22.639.273 s/min), 284.091.174 distinct states found (5.556.197 ds/min), 41.575.707 states left on queue.
@!@!@ENDMSG 2200 @!@!@
@!@!@STARTMSG 2200:0 @!@!@
Progress(44) at 2022-12-24 16:08:51: 1.213.232.771 states generated (22.342.775 s/min), 289.548.494 distinct states found (5.457.320 ds/min), 42.447.176 states left on queue.
@!@!@ENDMSG 2200 @!@!@
@!@!@STARTMSG 2200:0 @!@!@
Progress(44) at 2022-12-24 16:09:51: 1.234.743.303 states generated (21.510.532 s/min), 294.715.923 distinct states found (5.167.429 ds/min), 43.165.226 states left on queue.
@!@!@ENDMSG 2200 @!@!@
@!@!@STARTMSG 2200:0 @!@!@
Progress(44) at 2022-12-24 16:10:51: 1.256.156.683 states generated (21.413.380 s/min), 299.952.641 distinct states found (5.236.718 ds/min), 44.045.571 states left on queue.
@!@!@ENDMSG 2200 @!@!@
@!@!@STARTMSG 2200:0 @!@!@
Progress(44) at 2022-12-24 16:11:51: 1.277.578.010 states generated (21.421.327 s/min), 305.176.188 distinct states found (5.223.547 ds/min), 44.888.780 states left on queue.
@!@!@ENDMSG 2200 @!@!@
@!@!@STARTMSG 2200:0 @!@!@
Progress(45) at 2022-12-24 16:12:51: 1.294.751.531 states generated (17.173.521 s/min), 309.334.809 distinct states found (4.158.621 ds/min), 45.494.809 states left on queue.
@!@!@ENDMSG 2200 @!@!@
@!@!@STARTMSG 2200:0 @!@!@
Progress(45) at 2022-12-24 16:13:51: 1.312.554.570 states generated (17.803.039 s/min), 313.685.937 distinct states found (4.351.128 ds/min), 46.179.318 states left on queue.
@!@!@ENDMSG 2200 @!@!@
@!@!@STARTMSG 2200:0 @!@!@
Progress(45) at 2022-12-24 16:14:51: 1.328.710.456 states generated (16.155.886 s/min), 317.666.525 distinct states found (3.980.588 ds/min), 46.865.177 states left on queue.
@!@!@ENDMSG 2200 @!@!@
