@!@!@STARTMSG 2262:0 @!@!@
TLC2 Version 2.16 of 31 December 2020 (rev: cdddf55)
@!@!@ENDMSG 2262 @!@!@
@!@!@STARTMSG 2187:0 @!@!@
Running breadth-first search Model-Checking with fp 13 and seed -4330350916946125629 with 4 workers on 8 cores with 1214MB heap and 2730MB offheap memory [pid: 97467] (Mac OS X 10.16 x86_64, AdoptOpenJDK 14.0.1 x86_64, OffHeapDiskFPSet, DiskStateQueue).
@!@!@ENDMSG 2187 @!@!@
@!@!@STARTMSG 2220:0 @!@!@
Starting SANY...
@!@!@ENDMSG 2220 @!@!@
Parsing file /Users/leon/Documents/coding/rust/hls/spec/hls.toolbox/Model_1/MC.tla
Parsing file /Users/leon/Documents/coding/rust/hls/spec/hls.toolbox/Model_1/hls.tla
Parsing file /private/var/folders/3_/zlvhbykj46s2c4l5zk7_g4wm0000gn/T/AppTranslocation/DEE385D5-37F4-45E0-9779-6CC1EF6A53AF/d/TLA+ Toolbox.app/Contents/Eclipse/plugins/org.lamport.tlatools_1.0.0.202012311918/tla2sany/StandardModules/TLC.tla
Parsing file /private/var/folders/3_/zlvhbykj46s2c4l5zk7_g4wm0000gn/T/AppTranslocation/DEE385D5-37F4-45E0-9779-6CC1EF6A53AF/d/TLA+ Toolbox.app/Contents/Eclipse/plugins/org.lamport.tlatools_1.0.0.202012311918/tla2sany/StandardModules/Integers.tla
Parsing file /private/var/folders/3_/zlvhbykj46s2c4l5zk7_g4wm0000gn/T/AppTranslocation/DEE385D5-37F4-45E0-9779-6CC1EF6A53AF/d/TLA+ Toolbox.app/Contents/Eclipse/plugins/org.lamport.tlatools_1.0.0.202012311918/tla2sany/StandardModules/Sequences.tla
Parsing file /private/var/folders/3_/zlvhbykj46s2c4l5zk7_g4wm0000gn/T/AppTranslocation/DEE385D5-37F4-45E0-9779-6CC1EF6A53AF/d/TLA+ Toolbox.app/Contents/Eclipse/plugins/org.lamport.tlatools_1.0.0.202012311918/tla2sany/StandardModules/FiniteSets.tla
Parsing file /private/var/folders/3_/zlvhbykj46s2c4l5zk7_g4wm0000gn/T/AppTranslocation/DEE385D5-37F4-45E0-9779-6CC1EF6A53AF/d/TLA+ Toolbox.app/Contents/Eclipse/plugins/org.lamport.tlatools_1.0.0.202012311918/tla2sany/StandardModules/Naturals.tla
Semantic processing of module Naturals
Semantic processing of module Integers
Semantic processing of module Sequences
Semantic processing of module FiniteSets
Semantic processing of module TLC
Semantic processing of module hls
Semantic processing of module MC
@!@!@STARTMSG 2219:0 @!@!@
SANY finished.
@!@!@ENDMSG 2219 @!@!@
@!@!@STARTMSG 2185:0 @!@!@
Starting... (2022-12-21 15:47:25)
@!@!@ENDMSG 2185 @!@!@
@!@!@STARTMSG 2189:0 @!@!@
Computing initial states...
@!@!@ENDMSG 2189 @!@!@
@!@!@STARTMSG 2190:0 @!@!@
Finished computing initial states: 1 distinct state generated at 2022-12-21 15:47:27.
@!@!@ENDMSG 2190 @!@!@
@!@!@STARTMSG 2200:0 @!@!@
Progress(16) at 2022-12-21 15:47:30: 221.183 states generated (221.183 s/min), 50.875 distinct states found (50.875 ds/min), 13.647 states left on queue.
@!@!@ENDMSG 2200 @!@!@
@!@!@STARTMSG 2193:0 @!@!@
Model checking completed. No error has been found.
  Estimates of the probability that TLC did not check all reachable states
  because two distinct states had the same fingerprint:
  calculated (optimistic):  val = 2.8E-9
  based on the actual fingerprints:  val = 3.0E-9
@!@!@ENDMSG 2193 @!@!@
@!@!@STARTMSG 2201:0 @!@!@
The coverage statistics at 2022-12-21 15:47:34
@!@!@ENDMSG 2201 @!@!@
@!@!@STARTMSG 2773:0 @!@!@
<Init line 134, col 1 to line 134, col 4 of module hls>: 1:1
@!@!@ENDMSG 2773 @!@!@
@!@!@STARTMSG 2221:0 @!@!@
  line 135, col 9 to line 148, col 75 of module hls: 1
@!@!@ENDMSG 2221 @!@!@
@!@!@STARTMSG 2772:0 @!@!@
<Run line 150, col 1 to line 150, col 9 of module hls>: 944:31040
@!@!@ENDMSG 2772 @!@!@
@!@!@STARTMSG 2221:0 @!@!@
  line 150, col 17 to line 150, col 32 of module hls: 134272
@!@!@ENDMSG 2221 @!@!@
@!@!@STARTMSG 2221:0 @!@!@
  |line 150, col 17 to line 150, col 24 of module hls: 108480
@!@!@ENDMSG 2221 @!@!@
@!@!@STARTMSG 2221:0 @!@!@
  line 151, col 20 to line 151, col 42 of module hls: 25792
@!@!@ENDMSG 2221 @!@!@
@!@!@STARTMSG 2221:0 @!@!@
  line 152, col 25 to line 157, col 79 of module hls: 5248
@!@!@ENDMSG 2221 @!@!@
@!@!@STARTMSG 2221:0 @!@!@
  line 158, col 28 to line 158, col 61 of module hls: 20544
@!@!@ENDMSG 2221 @!@!@
@!@!@STARTMSG 2221:0 @!@!@
  line 159, col 28 to line 159, col 74 of module hls: 20544
@!@!@ENDMSG 2221 @!@!@
@!@!@STARTMSG 2221:0 @!@!@
  line 160, col 17 to line 162, col 56 of module hls: 31040
@!@!@ENDMSG 2221 @!@!@
@!@!@STARTMSG 2772:0 @!@!@
<IncRun line 164, col 1 to line 164, col 12 of module hls>: 860:25728
@!@!@ENDMSG 2772 @!@!@
@!@!@STARTMSG 2221:0 @!@!@
  line 164, col 20 to line 164, col 38 of module hls: 134208
@!@!@ENDMSG 2221 @!@!@
@!@!@STARTMSG 2221:0 @!@!@
  |line 164, col 20 to line 164, col 27 of module hls: 108480
@!@!@ENDMSG 2221 @!@!@
@!@!@STARTMSG 2221:0 @!@!@
  line 165, col 20 to line 165, col 80 of module hls: 25728
@!@!@ENDMSG 2221 @!@!@
@!@!@STARTMSG 2221:0 @!@!@
  line 166, col 20 to line 166, col 52 of module hls: 25728
@!@!@ENDMSG 2221 @!@!@
@!@!@STARTMSG 2221:0 @!@!@
  line 167, col 20 to line 170, col 48 of module hls: 25728
@!@!@ENDMSG 2221 @!@!@
@!@!@STARTMSG 2772:0 @!@!@
<WriteToReplicas line 172, col 1 to line 172, col 21 of module hls>: 560:24096
@!@!@ENDMSG 2772 @!@!@
@!@!@STARTMSG 2221:0 @!@!@
  line 172, col 29 to line 172, col 56 of module hls: 130376
@!@!@ENDMSG 2221 @!@!@
@!@!@STARTMSG 2221:0 @!@!@
  |line 172, col 29 to line 172, col 36 of module hls: 108480
@!@!@ENDMSG 2221 @!@!@
@!@!@STARTMSG 2221:0 @!@!@
  line 173, col 32 to line 173, col 62 of module hls: 22336
@!@!@ENDMSG 2221 @!@!@
@!@!@STARTMSG 2221:0 @!@!@
  line 175, col 42 to line 177, col 88 of module hls: 5280
@!@!@ENDMSG 2221 @!@!@
@!@!@STARTMSG 2221:0 @!@!@
  line 174, col 54 to line 174, col 90 of module hls: 3520
@!@!@ENDMSG 2221 @!@!@
@!@!@STARTMSG 2221:0 @!@!@
  line 178, col 40 to line 178, col 115 of module hls: 5280
@!@!@ENDMSG 2221 @!@!@
@!@!@STARTMSG 2221:0 @!@!@
  line 179, col 40 to line 179, col 84 of module hls: 5280
@!@!@ENDMSG 2221 @!@!@
@!@!@STARTMSG 2221:0 @!@!@
  line 180, col 40 to line 180, col 75 of module hls: 18816
@!@!@ENDMSG 2221 @!@!@
@!@!@STARTMSG 2221:0 @!@!@
  line 181, col 40 to line 184, col 70 of module hls: 18816
@!@!@ENDMSG 2221 @!@!@
@!@!@STARTMSG 2221:0 @!@!@
  line 185, col 29 to line 187, col 68 of module hls: 24096
@!@!@ENDMSG 2221 @!@!@
@!@!@STARTMSG 2772:0 @!@!@
<ReadFromReplicas line 189, col 1 to line 189, col 22 of module hls>: 514:15840
@!@!@ENDMSG 2772 @!@!@
@!@!@STARTMSG 2221:0 @!@!@
  line 189, col 30 to line 189, col 58 of module hls: 122120
@!@!@ENDMSG 2221 @!@!@
@!@!@STARTMSG 2221:0 @!@!@
  |line 189, col 30 to line 189, col 37 of module hls: 108480
@!@!@ENDMSG 2221 @!@!@
@!@!@STARTMSG 2221:0 @!@!@
  line 190, col 33 to line 190, col 63 of module hls: 14080
@!@!@ENDMSG 2221 @!@!@
@!@!@STARTMSG 2221:0 @!@!@
  line 192, col 43 to line 193, col 141 of module hls: 5280
@!@!@ENDMSG 2221 @!@!@
@!@!@STARTMSG 2221:0 @!@!@
  line 191, col 55 to line 191, col 91 of module hls: 3520
@!@!@ENDMSG 2221 @!@!@
@!@!@STARTMSG 2221:0 @!@!@
  line 194, col 41 to line 194, col 116 of module hls: 5280
@!@!@ENDMSG 2221 @!@!@
@!@!@STARTMSG 2221:0 @!@!@
  line 195, col 41 to line 195, col 86 of module hls: 5280
@!@!@ENDMSG 2221 @!@!@
@!@!@STARTMSG 2221:0 @!@!@
  line 196, col 41 to line 196, col 76 of module hls: 10560
@!@!@ENDMSG 2221 @!@!@
@!@!@STARTMSG 2221:0 @!@!@
  line 197, col 41 to line 199, col 71 of module hls: 10560
@!@!@ENDMSG 2221 @!@!@
@!@!@STARTMSG 2221:0 @!@!@
  line 200, col 30 to line 203, col 58 of module hls: 15840
@!@!@ENDMSG 2221 @!@!@
@!@!@STARTMSG 2772:0 @!@!@
<RunServer line 208, col 1 to line 208, col 15 of module hls>: 87542:325440
@!@!@ENDMSG 2772 @!@!@
@!@!@STARTMSG 2221:0 @!@!@
  line 208, col 23 to line 208, col 44 of module hls: 488160
@!@!@ENDMSG 2221 @!@!@
@!@!@STARTMSG 2221:0 @!@!@
  |line 208, col 23 to line 208, col 30 of module hls: 325440
@!@!@ENDMSG 2221 @!@!@
@!@!@STARTMSG 2221:0 @!@!@
  line 209, col 32 to line 209, col 53 of module hls: 162720
@!@!@ENDMSG 2221 @!@!@
@!@!@STARTMSG 2221:0 @!@!@
  line 210, col 37 to line 210, col 78 of module hls: 81360
@!@!@ENDMSG 2221 @!@!@
@!@!@STARTMSG 2221:0 @!@!@
  line 211, col 37 to line 211, col 85 of module hls: 81360
@!@!@ENDMSG 2221 @!@!@
@!@!@STARTMSG 2221:0 @!@!@
  line 212, col 29 to line 212, col 67 of module hls: 162720
@!@!@ENDMSG 2221 @!@!@
@!@!@STARTMSG 2221:0 @!@!@
  line 213, col 32 to line 213, col 53 of module hls: 162720
@!@!@ENDMSG 2221 @!@!@
@!@!@STARTMSG 2221:0 @!@!@
  line 214, col 37 to line 214, col 83 of module hls: 81360
@!@!@ENDMSG 2221 @!@!@
@!@!@STARTMSG 2221:0 @!@!@
  line 215, col 37 to line 215, col 83 of module hls: 81360
@!@!@ENDMSG 2221 @!@!@
@!@!@STARTMSG 2221:0 @!@!@
  line 216, col 29 to line 216, col 51 of module hls: 162720
@!@!@ENDMSG 2221 @!@!@
@!@!@STARTMSG 2221:0 @!@!@
  line 217, col 23 to line 220, col 51 of module hls: 325440
@!@!@ENDMSG 2221 @!@!@
@!@!@STARTMSG 2772:0 @!@!@
<ServiceRequest line 222, col 1 to line 222, col 20 of module hls>: 18059:162720
@!@!@ENDMSG 2772 @!@!@
@!@!@STARTMSG 2221:0 @!@!@
  line 222, col 28 to line 222, col 54 of module hls: 488160
@!@!@ENDMSG 2221 @!@!@
@!@!@STARTMSG 2221:0 @!@!@
  |line 222, col 28 to line 222, col 35 of module hls: 325440
@!@!@ENDMSG 2221 @!@!@
@!@!@STARTMSG 2221:0 @!@!@
  line 223, col 31 to line 223, col 60 of module hls: 162720
@!@!@ENDMSG 2221 @!@!@
@!@!@STARTMSG 2221:0 @!@!@
  line 224, col 36 to line 227, col 102 of module hls: 43584
@!@!@ENDMSG 2221 @!@!@
@!@!@STARTMSG 2221:0 @!@!@
  line 228, col 39 to line 228, col 42 of module hls: 119136
@!@!@ENDMSG 2221 @!@!@
@!@!@STARTMSG 2221:0 @!@!@
  line 229, col 39 to line 231, col 67 of module hls: 119136
@!@!@ENDMSG 2221 @!@!@
@!@!@STARTMSG 2221:0 @!@!@
  line 232, col 28 to line 232, col 66 of module hls: 162720
@!@!@ENDMSG 2221 @!@!@
@!@!@STARTMSG 2221:0 @!@!@
  line 233, col 28 to line 235, col 74 of module hls: 162720
@!@!@ENDMSG 2221 @!@!@
@!@!@STARTMSG 2772:0 @!@!@
<Terminating line 240, col 1 to line 240, col 11 of module hls>: 0:0
@!@!@ENDMSG 2772 @!@!@
@!@!@STARTMSG 2221:0 @!@!@
  line 240, col 40 to line 240, col 56 of module hls: 129024
@!@!@ENDMSG 2221 @!@!@
@!@!@STARTMSG 2221:0 @!@!@
  line 240, col 31 to line 240, col 37 of module hls: 108480
@!@!@ENDMSG 2221 @!@!@
@!@!@STARTMSG 2221:0 @!@!@
  line 241, col 19 to line 241, col 32 of module hls: 0
@!@!@ENDMSG 2221 @!@!@
@!@!@STARTMSG 2774:0 @!@!@
<IsCorrect line 122, col 1 to line 122, col 9 of module hls>
@!@!@ENDMSG 2774 @!@!@
@!@!@STARTMSG 2221:0 @!@!@
  line 123, col 5 to line 124, col 85 of module hls: 108480
@!@!@ENDMSG 2221 @!@!@
@!@!@STARTMSG 2221:0 @!@!@
  |line 123, col 8 to line 123, col 65 of module hls: 108480
@!@!@ENDMSG 2221 @!@!@
@!@!@STARTMSG 2221:0 @!@!@
  ||line 123, col 8 to line 123, col 47 of module hls: 108480
@!@!@ENDMSG 2221 @!@!@
@!@!@STARTMSG 2221:0 @!@!@
  ||line 123, col 52 to line 123, col 65 of module hls: 13560
@!@!@ENDMSG 2221 @!@!@
@!@!@STARTMSG 2221:0 @!@!@
  |||line 119, col 19 to line 119, col 58 of module hls: 13560
@!@!@ENDMSG 2221 @!@!@
@!@!@STARTMSG 2221:0 @!@!@
  ||||line 119, col 44 to line 119, col 58 of module hls: 8544
@!@!@ENDMSG 2221 @!@!@
@!@!@STARTMSG 2221:0 @!@!@
  |||||line 118, col 23 to line 118, col 68 of module hls: 8544
@!@!@ENDMSG 2221 @!@!@
@!@!@STARTMSG 2221:0 @!@!@
  ||||||line 118, col 47 to line 118, col 68 of module hls: 15808
@!@!@ENDMSG 2221 @!@!@
@!@!@STARTMSG 2221:0 @!@!@
  ||||||line 118, col 32 to line 118, col 44 of module hls: 8544
@!@!@ENDMSG 2221 @!@!@
@!@!@STARTMSG 2221:0 @!@!@
  |||||line 119, col 57 to line 119, col 57 of module hls: 8544
@!@!@ENDMSG 2221 @!@!@
@!@!@STARTMSG 2221:0 @!@!@
  ||||line 119, col 28 to line 119, col 41 of module hls: 13560
@!@!@ENDMSG 2221 @!@!@
@!@!@STARTMSG 2221:0 @!@!@
  |line 124, col 8 to line 124, col 85 of module hls: 108480
@!@!@ENDMSG 2221 @!@!@
@!@!@STARTMSG 2221:0 @!@!@
  ||line 124, col 8 to line 124, col 14 of module hls: 108480
@!@!@ENDMSG 2221 @!@!@
@!@!@STARTMSG 2221:0 @!@!@
  |||line 120, col 12 to line 120, col 60 of module hls: 108480
@!@!@ENDMSG 2221 @!@!@
@!@!@STARTMSG 2221:0 @!@!@
  ||||line 120, col 47 to line 120, col 60 of module hls: 129024
@!@!@ENDMSG 2221 @!@!@
@!@!@STARTMSG 2221:0 @!@!@
  ||||line 120, col 22 to line 120, col 43 of module hls: 108480
@!@!@ENDMSG 2221 @!@!@
@!@!@STARTMSG 2202:0 @!@!@
End of statistics.
@!@!@ENDMSG 2202 @!@!@
@!@!@STARTMSG 2200:0 @!@!@
Progress(26) at 2022-12-21 15:47:34: 584.865 states generated (3.348.463 s/min), 108.480 distinct states found (621.068 ds/min), 0 states left on queue.
@!@!@ENDMSG 2200 @!@!@
@!@!@STARTMSG 2199:0 @!@!@
584865 states generated, 108480 distinct states found, 0 states left on queue.
@!@!@ENDMSG 2199 @!@!@
@!@!@STARTMSG 2194:0 @!@!@
The depth of the complete state graph search is 26.
@!@!@ENDMSG 2194 @!@!@
@!@!@STARTMSG 2268:0 @!@!@
The average outdegree of the complete state graph is 1 (minimum is 0, the maximum 9 and the 95th percentile is 3).
@!@!@ENDMSG 2268 @!@!@
@!@!@STARTMSG 2186:0 @!@!@
Finished in 10489ms at (2022-12-21 15:47:34)
@!@!@ENDMSG 2186 @!@!@
