@!@!@STARTMSG 2262:0 @!@!@
TLC2 Version 2.16 of 31 December 2020 (rev: cdddf55)
@!@!@ENDMSG 2262 @!@!@
@!@!@STARTMSG 2187:0 @!@!@
Running breadth-first search Model-Checking with fp 7 and seed 6186224102067716436 with 4 workers on 8 cores with 1214MB heap and 2730MB offheap memory [pid: 96198] (Mac OS X 10.16 x86_64, AdoptOpenJDK 14.0.1 x86_64, OffHeapDiskFPSet, DiskStateQueue).
@!@!@ENDMSG 2187 @!@!@
@!@!@STARTMSG 2220:0 @!@!@
Starting SANY...
@!@!@ENDMSG 2220 @!@!@
Parsing file /Users/leon/Documents/coding/rust/hls/spec/hls.toolbox/Model_1/MC.tla
Parsing file /Users/leon/Documents/coding/rust/hls/spec/hls.toolbox/Model_1/hls.tla
Parsing file /private/var/folders/3_/zlvhbykj46s2c4l5zk7_g4wm0000gn/T/AppTranslocation/DEE385D5-37F4-45E0-9779-6CC1EF6A53AF/d/TLA+ Toolbox.app/Contents/Eclipse/plugins/org.lamport.tlatools_1.0.0.202012311918/tla2sany/StandardModules/TLC.tla
Parsing file /private/var/folders/3_/zlvhbykj46s2c4l5zk7_g4wm0000gn/T/AppTranslocation/DEE385D5-37F4-45E0-9779-6CC1EF6A53AF/d/TLA+ Toolbox.app/Contents/Eclipse/plugins/org.lamport.tlatools_1.0.0.202012311918/tla2sany/StandardModules/Integers.tla
Parsing file /private/var/folders/3_/zlvhbykj46s2c4l5zk7_g4wm0000gn/T/AppTranslocation/DEE385D5-37F4-45E0-9779-6CC1EF6A53AF/d/TLA+ Toolbox.app/Contents/Eclipse/plugins/org.lamport.tlatools_1.0.0.202012311918/tla2sany/StandardModules/Sequences.tla
Parsing file /private/var/folders/3_/zlvhbykj46s2c4l5zk7_g4wm0000gn/T/AppTranslocation/DEE385D5-37F4-45E0-9779-6CC1EF6A53AF/d/TLA+ Toolbox.app/Contents/Eclipse/plugins/org.lamport.tlatools_1.0.0.202012311918/tla2sany/StandardModules/FiniteSets.tla
Parsing file /private/var/folders/3_/zlvhbykj46s2c4l5zk7_g4wm0000gn/T/AppTranslocation/DEE385D5-37F4-45E0-9779-6CC1EF6A53AF/d/TLA+ Toolbox.app/Contents/Eclipse/plugins/org.lamport.tlatools_1.0.0.202012311918/tla2sany/StandardModules/Naturals.tla
Semantic processing of module Naturals
Semantic processing of module Integers
Semantic processing of module Sequences
Semantic processing of module FiniteSets
Semantic processing of module TLC
Semantic processing of module hls
Semantic processing of module MC
@!@!@STARTMSG 2219:0 @!@!@
SANY finished.
@!@!@ENDMSG 2219 @!@!@
@!@!@STARTMSG 2185:0 @!@!@
Starting... (2022-12-21 15:00:13)
@!@!@ENDMSG 2185 @!@!@
@!@!@STARTMSG 2104:1 @!@!@
Assumption line 14, col 8 to line 14, col 43 of module hls is false.
@!@!@ENDMSG 2104 @!@!@
@!@!@STARTMSG 2186:0 @!@!@
Finished in 3129ms at (2022-12-21 15:00:15)
@!@!@ENDMSG 2186 @!@!@
